2026-04-28T08:27:44.822+09:00  WARN 24628 --- [HikariPool-2:connection-adder] com.zaxxer.hikari.pool.PoolBase          : HikariPool-2 - Pool is empty, failed to create/setup connection (f1204e68-1e56-4db7-83f5-e81c143aa70d)

com.mysql.cj.jdbc.exceptions.CommunicationsException: Communications link failure

The last packet sent successfully to the server was 0 milliseconds ago. The driver has not received any packets from the server.
	at com.mysql.cj.jdbc.exceptions.SQLError.createCommunicationsException(SQLError.java:165) ~[mysql-connector-j-9.6.0.jar:9.6.0]
	at com.mysql.cj.jdbc.exceptions.SQLExceptionsMapping.translateException(SQLExceptionsMapping.java:55) ~[mysql-connector-j-9.6.0.jar:9.6.0]
	at com.mysql.cj.jdbc.ConnectionImpl.createNewIO(ConnectionImpl.java:840) ~[mysql-connector-j-9.6.0.jar:9.6.0]
	at com.mysql.cj.jdbc.ConnectionImpl.<init>(ConnectionImpl.java:416) ~[mysql-connector-j-9.6.0.jar:9.6.0]
	at com.mysql.cj.jdbc.ConnectionImpl.getInstance(ConnectionImpl.java:237) ~[mysql-connector-j-9.6.0.jar:9.6.0]
	at com.mysql.cj.jdbc.NonRegisteringDriver.connect(NonRegisteringDriver.java:180) ~[mysql-connector-j-9.6.0.jar:9.6.0]
	at com.zaxxer.hikari.util.DriverDataSource.getConnection(DriverDataSource.java:144) ~[HikariCP-7.0.2.jar:na]
	at com.zaxxer.hikari.pool.PoolBase.newConnection(PoolBase.java:373) ~[HikariCP-7.0.2.jar:na]
	at com.zaxxer.hikari.pool.PoolBase.newPoolEntry(PoolBase.java:210) ~[HikariCP-7.0.2.jar:na]
	at com.zaxxer.hikari.pool.HikariPool.createPoolEntry(HikariPool.java:488) ~[HikariCP-7.0.2.jar:na]
	at com.zaxxer.hikari.pool.HikariPool$PoolEntryCreator.call(HikariPool.java:752) ~[HikariCP-7.0.2.jar:na]
	at com.zaxxer.hikari.pool.HikariPool$PoolEntryCreator.call(HikariPool.java:731) ~[HikariCP-7.0.2.jar:na]
	at java.base/java.util.concurrent.FutureTask.run(FutureTask.java:330) ~[na:na]
	at java.base/java.util.concurrent.ThreadPoolExecutor.runWorker(ThreadPoolExecutor.java:1090) ~[na:na]
	at java.base/java.util.concurrent.ThreadPoolExecutor$Worker.run(ThreadPoolExecutor.java:614) ~[na:na]
	at java.base/java.lang.Thread.run(Thread.java:1516) ~[na:na]
Caused by: com.mysql.cj.exceptions.CJCommunicationsException: Communications link failure

The last packet sent successfully to the server was 0 milliseconds ago. The driver has not received any packets from the server.
	at java.base/jdk.internal.reflect.DirectConstructorHandleAccessor.newInstance(DirectConstructorHandleAccessor.java:62) ~[na:na]
	at java.base/java.lang.reflect.Constructor.newInstanceWithCaller(Constructor.java:499) ~[na:na]
	at java.base/java.lang.reflect.Constructor.newInstance(Constructor.java:483) ~[na:na]
	at com.mysql.cj.exceptions.ExceptionFactory.createException(ExceptionFactory.java:52) ~[mysql-connector-j-9.6.0.jar:9.6.0]
	at com.mysql.cj.exceptions.ExceptionFactory.createException(ExceptionFactory.java:95) ~[mysql-connector-j-9.6.0.jar:9.6.0]
	at com.mysql.cj.exceptions.ExceptionFactory.createException(ExceptionFactory.java:140) ~[mysql-connector-j-9.6.0.jar:9.6.0]
	at com.mysql.cj.exceptions.ExceptionFactory.createCommunicationsException(ExceptionFactory.java:156) ~[mysql-connector-j-9.6.0.jar:9.6.0]
	at com.mysql.cj.protocol.a.NativeProtocol.afterHandshake(NativeProtocol.java:435) ~[mysql-connector-j-9.6.0.jar:9.6.0]
	at com.mysql.cj.protocol.a.NativeProtocol.connect(NativeProtocol.java:1336) ~[mysql-connector-j-9.6.0.jar:9.6.0]
	at com.mysql.cj.NativeSession.connect(NativeSession.java:155) ~[mysql-connector-j-9.6.0.jar:9.6.0]
	at com.mysql.cj.jdbc.ConnectionImpl.connectOneTryOnly(ConnectionImpl.java:964) ~[mysql-connector-j-9.6.0.jar:9.6.0]
	at com.mysql.cj.jdbc.ConnectionImpl.createNewIO(ConnectionImpl.java:828) ~[mysql-connector-j-9.6.0.jar:9.6.0]
	... 13 common frames omitted
Caused by: java.net.SocketException: Connection attempt exceeded defined timeout.
	at com.mysql.cj.protocol.StandardSocketFactory.resetLoginTimeCountdown(StandardSocketFactory.java:205) ~[mysql-connector-j-9.6.0.jar:9.6.0]
	at com.mysql.cj.protocol.StandardSocketFactory.afterHandshake(StandardSocketFactory.java:190) ~[mysql-connector-j-9.6.0.jar:9.6.0]
	at com.mysql.cj.protocol.a.NativeProtocol.afterHandshake(NativeProtocol.java:433) ~[mysql-connector-j-9.6.0.jar:9.6.0]
	... 17 common frames omitted

2026-04-28T08:27:50.386+09:00  WARN 24628 --- [HikariPool-2:housekeeper] com.zaxxer.hikari.pool.HikariPool        : HikariPool-2 - Thread starvation or clock leap detected (housekeeper delta=8h45m56s766ms38µs300ns).
2026-04-28T09:06:13.198+09:00  INFO 24628 --- [File Watcher] rtingClassPathChangeChangedEventListener : Restarting due to 1 class path change (1 addition, 0 deletions, 0 modifications)
2026-04-28T09:06:13.718+09:00  INFO 24628 --- [Thread-5] o.s.boot.tomcat.GracefulShutdown         : Commencing graceful shutdown. Waiting for active requests to complete
2026-04-28T09:06:14.116+09:00  INFO 24628 --- [tomcat-shutdown] o.s.boot.tomcat.GracefulShutdown         : Graceful shutdown complete
2026-04-28T09:06:14.431+09:00  INFO 24628 --- [Thread-5] com.zaxxer.hikari.HikariDataSource       : HikariPool-2 - Shutdown initiated...
2026-04-28T09:06:15.640+09:00  INFO 24628 --- [Thread-5] com.zaxxer.hikari.HikariDataSource       : HikariPool-2 - Shutdown completed.
2026-04-28T09:06:19.586+09:00  INFO 24628 --- [restartedMain] j.c.p.s.m.MotocatalogApplication         : Starting MotocatalogApplication using Java 26 with PID 24628 (C:\Work\motocatalog\build\classes\java\main started by Voice034 in C:\Work\motocatalog)
2026-04-28T09:06:19.622+09:00  INFO 24628 --- [restartedMain] j.c.p.s.m.MotocatalogApplication         : No active profile set, falling back to 1 default profile: "default"
2026-04-28T09:06:24.142+09:00  INFO 24628 --- [restartedMain] o.s.boot.tomcat.TomcatWebServer          : Tomcat initialized with port 8080 (http)
2026-04-28T09:06:24.157+09:00  INFO 24628 --- [restartedMain] o.apache.catalina.core.StandardService   : Starting service [Tomcat]
2026-04-28T09:06:24.160+09:00  INFO 24628 --- [restartedMain] o.apache.catalina.core.StandardEngine    : Starting Servlet engine: [Apache Tomcat/11.0.20]
2026-04-28T09:06:24.317+09:00  INFO 24628 --- [restartedMain] b.w.c.s.WebApplicationContextInitializer : Root WebApplicationContext: initialization completed in 4586 ms
2026-04-28T09:06:24.446+09:00  INFO 24628 --- [restartedMain] com.zaxxer.hikari.HikariDataSource       : HikariPool-3 - Starting...
2026-04-28T09:06:24.796+09:00  INFO 24628 --- [restartedMain] com.zaxxer.hikari.pool.HikariPool        : HikariPool-3 - Added connection com.mysql.cj.jdbc.ConnectionImpl@737f28bb
2026-04-28T09:06:24.798+09:00  INFO 24628 --- [restartedMain] com.zaxxer.hikari.HikariDataSource       : HikariPool-3 - Start completed.
2026-04-28T09:06:26.250+09:00  INFO 24628 --- [restartedMain] o.s.boot.tomcat.TomcatWebServer          : Tomcat started on port 8080 (http) with context path '/'
2026-04-28T09:06:26.260+09:00  INFO 24628 --- [restartedMain] j.c.p.s.m.MotocatalogApplication         : Started MotocatalogApplication in 7.836 seconds (process running for 60583.479)
2026-04-28T09:06:26.265+09:00  INFO 24628 --- [restartedMain] .ConditionEvaluationDeltaLoggingListener : Condition evaluation unchanged
2026-04-28T09:09:28.870+09:00  INFO 24628 --- [File Watcher] rtingClassPathChangeChangedEventListener : Restarting due to 1 class path change (1 addition, 0 deletions, 0 modifications)
2026-04-28T09:09:30.568+09:00  INFO 24628 --- [Thread-9] o.s.boot.tomcat.GracefulShutdown         : Commencing graceful shutdown. Waiting for active requests to complete
2026-04-28T09:09:31.918+09:00  INFO 24628 --- [tomcat-shutdown] o.s.boot.tomcat.GracefulShutdown         : Graceful shutdown complete
2026-04-28T09:09:32.146+09:00  INFO 24628 --- [Thread-9] com.zaxxer.hikari.HikariDataSource       : HikariPool-3 - Shutdown initiated...
2026-04-28T09:09:33.218+09:00  INFO 24628 --- [Thread-9] com.zaxxer.hikari.HikariDataSource       : HikariPool-3 - Shutdown completed.
2026-04-28T09:09:35.513+09:00  INFO 24628 --- [restartedMain] j.c.p.s.m.MotocatalogApplication         : Starting MotocatalogApplication using Java 26 with PID 24628 (C:\Work\motocatalog\build\classes\java\main started by Voice034 in C:\Work\motocatalog)
2026-04-28T09:09:35.515+09:00  INFO 24628 --- [restartedMain] j.c.p.s.m.MotocatalogApplication         : No active profile set, falling back to 1 default profile: "default"
2026-04-28T09:09:38.432+09:00  INFO 24628 --- [restartedMain] o.s.boot.tomcat.TomcatWebServer          : Tomcat initialized with port 8080 (http)
2026-04-28T09:09:38.445+09:00  INFO 24628 --- [restartedMain] o.apache.catalina.core.StandardService   : Starting service [Tomcat]
2026-04-28T09:09:38.447+09:00  INFO 24628 --- [restartedMain] o.apache.catalina.core.StandardEngine    : Starting Servlet engine: [Apache Tomcat/11.0.20]
2026-04-28T09:09:38.612+09:00  INFO 24628 --- [restartedMain] b.w.c.s.WebApplicationContextInitializer : Root WebApplicationContext: initialization completed in 3041 ms
2026-04-28T09:09:38.793+09:00  INFO 24628 --- [restartedMain] com.zaxxer.hikari.HikariDataSource       : HikariPool-4 - Starting...
2026-04-28T09:09:39.256+09:00  INFO 24628 --- [restartedMain] com.zaxxer.hikari.pool.HikariPool        : HikariPool-4 - Added connection com.mysql.cj.jdbc.ConnectionImpl@7b85aa48
2026-04-28T09:09:39.260+09:00  INFO 24628 --- [restartedMain] com.zaxxer.hikari.HikariDataSource       : HikariPool-4 - Start completed.
2026-04-28T09:09:41.280+09:00  INFO 24628 --- [restartedMain] o.s.boot.tomcat.TomcatWebServer          : Tomcat started on port 8080 (http) with context path '/'
2026-04-28T09:09:41.294+09:00  INFO 24628 --- [restartedMain] j.c.p.s.m.MotocatalogApplication         : Started MotocatalogApplication in 6.416 seconds (process running for 60778.512)
2026-04-28T09:09:41.301+09:00  INFO 24628 --- [restartedMain] .ConditionEvaluationDeltaLoggingListener : Condition evaluation unchanged
2026-04-28T09:09:42.732+09:00  INFO 24628 --- [File Watcher] rtingClassPathChangeChangedEventListener : Restarting due to 1 class path change (0 additions, 1 deletion, 0 modifications)
2026-04-28T09:09:42.748+09:00  INFO 24628 --- [Thread-13] o.s.boot.tomcat.GracefulShutdown         : Commencing graceful shutdown. Waiting for active requests to complete
2026-04-28T09:09:42.827+09:00  INFO 24628 --- [tomcat-shutdown] o.s.boot.tomcat.GracefulShutdown         : Graceful shutdown complete
2026-04-28T09:09:42.843+09:00  INFO 24628 --- [Thread-13] com.zaxxer.hikari.HikariDataSource       : HikariPool-4 - Shutdown initiated...
2026-04-28T09:09:43.159+09:00  INFO 24628 --- [Thread-13] com.zaxxer.hikari.HikariDataSource       : HikariPool-4 - Shutdown completed.
2026-04-28T09:09:44.100+09:00  INFO 24628 --- [restartedMain] j.c.p.s.m.MotocatalogApplication         : Starting MotocatalogApplication using Java 26 with PID 24628 (C:\Work\motocatalog\build\classes\java\main started by Voice034 in C:\Work\motocatalog)
2026-04-28T09:09:44.104+09:00  INFO 24628 --- [restartedMain] j.c.p.s.m.MotocatalogApplication         : No active profile set, falling back to 1 default profile: "default"
2026-04-28T09:09:46.738+09:00  INFO 24628 --- [restartedMain] o.s.boot.tomcat.TomcatWebServer          : Tomcat initialized with port 8080 (http)
2026-04-28T09:09:46.743+09:00  INFO 24628 --- [restartedMain] o.apache.catalina.core.StandardService   : Starting service [Tomcat]
2026-04-28T09:09:46.744+09:00  INFO 24628 --- [restartedMain] o.apache.catalina.core.StandardEngine    : Starting Servlet engine: [Apache Tomcat/11.0.20]
2026-04-28T09:09:46.865+09:00  INFO 24628 --- [restartedMain] b.w.c.s.WebApplicationContextInitializer : Root WebApplicationContext: initialization completed in 2749 ms
2026-04-28T09:09:47.093+09:00  INFO 24628 --- [restartedMain] com.zaxxer.hikari.HikariDataSource       : HikariPool-5 - Starting...
2026-04-28T09:09:47.266+09:00  INFO 24628 --- [restartedMain] com.zaxxer.hikari.pool.HikariPool        : HikariPool-5 - Added connection com.mysql.cj.jdbc.ConnectionImpl@241b7118
2026-04-28T09:09:47.268+09:00  INFO 24628 --- [restartedMain] com.zaxxer.hikari.HikariDataSource       : HikariPool-5 - Start completed.
2026-04-28T09:09:48.478+09:00  INFO 24628 --- [restartedMain] o.s.boot.tomcat.TomcatWebServer          : Tomcat started on port 8080 (http) with context path '/'
2026-04-28T09:09:48.509+09:00  INFO 24628 --- [restartedMain] j.c.p.s.m.MotocatalogApplication         : Started MotocatalogApplication in 4.978 seconds (process running for 60785.727)
2026-04-28T09:09:48.516+09:00  INFO 24628 --- [restartedMain] .ConditionEvaluationDeltaLoggingListener : Condition evaluation unchanged
2026-04-28T09:09:57.917+09:00  INFO 24628 --- [File Watcher] rtingClassPathChangeChangedEventListener : Restarting due to 1 class path change (0 additions, 1 deletion, 0 modifications)
2026-04-28T09:09:57.927+09:00  INFO 24628 --- [Thread-17] o.s.boot.tomcat.GracefulShutdown         : Commencing graceful shutdown. Waiting for active requests to complete
2026-04-28T09:09:57.944+09:00  INFO 24628 --- [tomcat-shutdown] o.s.boot.tomcat.GracefulShutdown         : Graceful shutdown complete
2026-04-28T09:09:57.951+09:00  INFO 24628 --- [Thread-17] com.zaxxer.hikari.HikariDataSource       : HikariPool-5 - Shutdown initiated...
2026-04-28T09:09:57.972+09:00  INFO 24628 --- [Thread-17] com.zaxxer.hikari.HikariDataSource       : HikariPool-5 - Shutdown completed.
2026-04-28T09:09:58.131+09:00  INFO 24628 --- [restartedMain] j.c.p.s.m.MotocatalogApplication         : Starting MotocatalogApplication using Java 26 with PID 24628 (C:\Work\motocatalog\build\classes\java\main started by Voice034 in C:\Work\motocatalog)
2026-04-28T09:09:58.132+09:00  INFO 24628 --- [restartedMain] j.c.p.s.m.MotocatalogApplication         : No active profile set, falling back to 1 default profile: "default"
2026-04-28T09:09:58.784+09:00  INFO 24628 --- [restartedMain] o.s.boot.tomcat.TomcatWebServer          : Tomcat initialized with port 8080 (http)
2026-04-28T09:09:58.786+09:00  INFO 24628 --- [restartedMain] o.apache.catalina.core.StandardService   : Starting service [Tomcat]
2026-04-28T09:09:58.787+09:00  INFO 24628 --- [restartedMain] o.apache.catalina.core.StandardEngine    : Starting Servlet engine: [Apache Tomcat/11.0.20]
2026-04-28T09:09:58.843+09:00  INFO 24628 --- [restartedMain] b.w.c.s.WebApplicationContextInitializer : Root WebApplicationContext: initialization completed in 708 ms
2026-04-28T09:09:58.900+09:00  INFO 24628 --- [restartedMain] com.zaxxer.hikari.HikariDataSource       : HikariPool-6 - Starting...
2026-04-28T09:09:58.969+09:00  INFO 24628 --- [restartedMain] com.zaxxer.hikari.pool.HikariPool        : HikariPool-6 - Added connection com.mysql.cj.jdbc.ConnectionImpl@752908bd
2026-04-28T09:09:58.971+09:00  INFO 24628 --- [restartedMain] com.zaxxer.hikari.HikariDataSource       : HikariPool-6 - Start completed.
2026-04-28T09:10:00.180+09:00  INFO 24628 --- [restartedMain] o.s.boot.tomcat.TomcatWebServer          : Tomcat started on port 8080 (http) with context path '/'
2026-04-28T09:10:00.189+09:00  INFO 24628 --- [restartedMain] j.c.p.s.m.MotocatalogApplication         : Started MotocatalogApplication in 2.121 seconds (process running for 60797.408)
2026-04-28T09:10:00.197+09:00  INFO 24628 --- [restartedMain] .ConditionEvaluationDeltaLoggingListener : Condition evaluation unchanged
2026-04-28T09:10:01.395+09:00  INFO 24628 --- [File Watcher] rtingClassPathChangeChangedEventListener : Restarting due to 1 class path change (1 addition, 0 deletions, 0 modifications)
2026-04-28T09:10:01.402+09:00  INFO 24628 --- [Thread-21] o.s.boot.tomcat.GracefulShutdown         : Commencing graceful shutdown. Waiting for active requests to complete
2026-04-28T09:10:01.421+09:00  INFO 24628 --- [tomcat-shutdown] o.s.boot.tomcat.GracefulShutdown         : Graceful shutdown complete
2026-04-28T09:10:01.425+09:00  INFO 24628 --- [Thread-21] com.zaxxer.hikari.HikariDataSource       : HikariPool-6 - Shutdown initiated...
2026-04-28T09:10:01.457+09:00  INFO 24628 --- [Thread-21] com.zaxxer.hikari.HikariDataSource       : HikariPool-6 - Shutdown completed.
2026-04-28T09:10:02.128+09:00  INFO 24628 --- [restartedMain] j.c.p.s.m.MotocatalogApplication         : Starting MotocatalogApplication using Java 26 with PID 24628 (C:\Work\motocatalog\build\classes\java\main started by Voice034 in C:\Work\motocatalog)
2026-04-28T09:10:02.136+09:00  INFO 24628 --- [restartedMain] j.c.p.s.m.MotocatalogApplication         : No active profile set, falling back to 1 default profile: "default"
2026-04-28T09:10:04.538+09:00  INFO 24628 --- [restartedMain] o.s.boot.tomcat.TomcatWebServer          : Tomcat initialized with port 8080 (http)
2026-04-28T09:10:04.546+09:00  INFO 24628 --- [restartedMain] o.apache.catalina.core.StandardService   : Starting service [Tomcat]
2026-04-28T09:10:04.552+09:00  INFO 24628 --- [restartedMain] o.apache.catalina.core.StandardEngine    : Starting Servlet engine: [Apache Tomcat/11.0.20]
2026-04-28T09:10:04.750+09:00  INFO 24628 --- [restartedMain] b.w.c.s.WebApplicationContextInitializer : Root WebApplicationContext: initialization completed in 2593 ms
2026-04-28T09:10:04.884+09:00  INFO 24628 --- [restartedMain] com.zaxxer.hikari.HikariDataSource       : HikariPool-7 - Starting...
2026-04-28T09:10:04.972+09:00  INFO 24628 --- [restartedMain] com.zaxxer.hikari.pool.HikariPool        : HikariPool-7 - Added connection com.mysql.cj.jdbc.ConnectionImpl@376e485c
2026-04-28T09:10:04.974+09:00  INFO 24628 --- [restartedMain] com.zaxxer.hikari.HikariDataSource       : HikariPool-7 - Start completed.
2026-04-28T09:10:07.536+09:00  INFO 24628 --- [restartedMain] o.s.boot.tomcat.TomcatWebServer          : Tomcat started on port 8080 (http) with context path '/'
2026-04-28T09:10:07.552+09:00  INFO 24628 --- [restartedMain] j.c.p.s.m.MotocatalogApplication         : Started MotocatalogApplication in 5.842 seconds (process running for 60804.771)
2026-04-28T09:10:07.557+09:00  INFO 24628 --- [restartedMain] .ConditionEvaluationDeltaLoggingListener : Condition evaluation unchanged
